<?xml version="1.0" ?>
<coverage branch-rate="0.005051" branches-covered="1" branches-valid="198" complexity="0" line-rate="0.01124" lines-covered="3" lines-valid="267" timestamp="1565473734858" version="4.5.4">
	<!-- Generated by coverage.py: https://coverage.readthedocs.io -->
	<!-- Based on https://raw.githubusercontent.com/cobertura/web/master/htdocs/xml/coverage-04.dtd -->
	<sources>
		<source>/home/lucas/Lucas/Projects/cushead.py</source>
	</sources>
	<packages>
		<package branch-rate="0.005051" complexity="0" line-rate="0.01124" name=".">
			<classes>
				<class branch-rate="0.005051" complexity="0" filename="cushead.py" line-rate="0.01124" name="cushead.py">
					<methods/>
					<lines>
						<line hits="1" number="4"/>
						<line branch="true" condition-coverage="50% (1/2)" hits="1" missing-branches="9" number="6"/>
						<line hits="1" number="7"/>
						<line hits="0" number="9"/>
						<line hits="0" number="10"/>
						<line hits="0" number="11"/>
						<line hits="0" number="12"/>
						<line hits="0" number="14"/>
						<line hits="0" number="17"/>
						<line hits="0" number="18"/>
						<line hits="0" number="25"/>
						<line hits="0" number="26"/>
						<line hits="0" number="27"/>
						<line hits="0" number="30"/>
						<line hits="0" number="32"/>
						<line hits="0" number="36"/>
						<line hits="0" number="39"/>
						<line hits="0" number="42"/>
						<line hits="0" number="45"/>
						<line hits="0" number="48"/>
						<line hits="0" number="51"/>
						<line hits="0" number="54"/>
						<line hits="0" number="57"/>
						<line hits="0" number="60"/>
						<line hits="0" number="63"/>
						<line hits="0" number="64"/>
						<line hits="0" number="65"/>
						<line hits="0" number="66"/>
						<line hits="0" number="67"/>
						<line hits="0" number="68"/>
						<line hits="0" number="69"/>
						<line hits="0" number="70"/>
						<line hits="0" number="71"/>
						<line hits="0" number="73"/>
						<line branch="true" condition-coverage="0% (0/2)" hits="0" missing-branches="75,76" number="74"/>
						<line hits="0" number="75"/>
						<line branch="true" condition-coverage="0% (0/2)" hits="0" missing-branches="77,79" number="76"/>
						<line hits="0" number="77"/>
						<line branch="true" condition-coverage="0% (0/2)" hits="0" missing-branches="80,84" number="79"/>
						<line branch="true" condition-coverage="0% (0/2)" hits="0" missing-branches="81,84" number="80"/>
						<line hits="0" number="81"/>
						<line hits="0" number="84"/>
						<line hits="0" number="87"/>
						<line hits="0" number="89"/>
						<line hits="0" number="90"/>
						<line hits="0" number="91"/>
						<line hits="0" number="147"/>
						<line hits="0" number="148"/>
						<line hits="0" number="149"/>
						<line hits="0" number="153"/>
						<line hits="0" number="155"/>
						<line hits="0" number="156"/>
						<line hits="0" number="158"/>
						<line hits="0" number="159"/>
						<line hits="0" number="160"/>
						<line hits="0" number="162"/>
						<line hits="0" number="165"/>
						<line branch="true" condition-coverage="0% (0/2)" hits="0" missing-branches="168,172" number="167"/>
						<line branch="true" condition-coverage="0% (0/2)" hits="0" missing-branches="169,172" number="168"/>
						<line hits="0" number="169"/>
						<line branch="true" condition-coverage="0% (0/2)" hits="0" missing-branches="173,177" number="172"/>
						<line branch="true" condition-coverage="0% (0/2)" hits="0" missing-branches="174,177" number="173"/>
						<line hits="0" number="174"/>
						<line branch="true" condition-coverage="0% (0/2)" hits="0" missing-branches="178,181" number="177"/>
						<line branch="true" condition-coverage="0% (0/2)" hits="0" missing-branches="179,181" number="178"/>
						<line hits="0" number="179"/>
						<line branch="true" condition-coverage="0% (0/2)" hits="0" missing-branches="182,185" number="181"/>
						<line branch="true" condition-coverage="0% (0/2)" hits="0" missing-branches="183,185" number="182"/>
						<line hits="0" number="183"/>
						<line branch="true" condition-coverage="0% (0/2)" hits="0" missing-branches="186,190" number="185"/>
						<line branch="true" condition-coverage="0% (0/2)" hits="0" missing-branches="187,190" number="186"/>
						<line hits="0" number="187"/>
						<line branch="true" condition-coverage="0% (0/2)" hits="0" missing-branches="191,198" number="190"/>
						<line branch="true" condition-coverage="0% (0/2)" hits="0" missing-branches="192,198" number="191"/>
						<line hits="0" number="192"/>
						<line branch="true" condition-coverage="0% (0/2)" hits="0" missing-branches="194,195" number="193"/>
						<line hits="0" number="194"/>
						<line hits="0" number="195"/>
						<line hits="0" number="196"/>
						<line branch="true" condition-coverage="0% (0/2)" hits="0" missing-branches="199,203" number="198"/>
						<line branch="true" condition-coverage="0% (0/2)" hits="0" missing-branches="200,203" number="199"/>
						<line hits="0" number="200"/>
						<line branch="true" condition-coverage="0% (0/2)" hits="0" missing-branches="204,210" number="203"/>
						<line branch="true" condition-coverage="0% (0/2)" hits="0" missing-branches="205,210" number="204"/>
						<line hits="0" number="205"/>
						<line hits="0" number="207"/>
						<line hits="0" number="210"/>
						<line hits="0" number="213"/>
						<line branch="true" condition-coverage="0% (0/2)" hits="0" missing-branches="216,219" number="215"/>
						<line branch="true" condition-coverage="0% (0/2)" hits="0" missing-branches="217,219" number="216"/>
						<line hits="0" number="217"/>
						<line branch="true" condition-coverage="0% (0/2)" hits="0" missing-branches="220,224" number="219"/>
						<line branch="true" condition-coverage="0% (0/2)" hits="0" missing-branches="221,224" number="220"/>
						<line hits="0" number="221"/>
						<line branch="true" condition-coverage="0% (0/2)" hits="0" missing-branches="225,229" number="224"/>
						<line branch="true" condition-coverage="0% (0/2)" hits="0" missing-branches="226,229" number="225"/>
						<line hits="0" number="226"/>
						<line branch="true" condition-coverage="0% (0/2)" hits="0" missing-branches="230,238" number="229"/>
						<line branch="true" condition-coverage="0% (0/2)" hits="0" missing-branches="231,238" number="230"/>
						<line branch="true" condition-coverage="0% (0/2)" hits="0" missing-branches="232,234" number="231"/>
						<line hits="0" number="232"/>
						<line hits="0" number="234"/>
						<line hits="0" number="235"/>
						<line branch="true" condition-coverage="0% (0/2)" hits="0" missing-branches="239,247" number="238"/>
						<line branch="true" condition-coverage="0% (0/2)" hits="0" missing-branches="240,247" number="239"/>
						<line branch="true" condition-coverage="0% (0/2)" hits="0" missing-branches="241,243" number="240"/>
						<line hits="0" number="241"/>
						<line hits="0" number="243"/>
						<line hits="0" number="244"/>
						<line branch="true" condition-coverage="0% (0/2)" hits="0" missing-branches="248,251" number="247"/>
						<line branch="true" condition-coverage="0% (0/2)" hits="0" missing-branches="249,251" number="248"/>
						<line hits="0" number="249"/>
						<line branch="true" condition-coverage="0% (0/2)" hits="0" missing-branches="252,256" number="251"/>
						<line branch="true" condition-coverage="0% (0/2)" hits="0" missing-branches="253,256" number="252"/>
						<line hits="0" number="253"/>
						<line hits="0" number="256"/>
						<line hits="0" number="259"/>
						<line branch="true" condition-coverage="0% (0/2)" hits="0" missing-branches="262,266" number="261"/>
						<line branch="true" condition-coverage="0% (0/2)" hits="0" missing-branches="263,266" number="262"/>
						<line hits="0" number="263"/>
						<line branch="true" condition-coverage="0% (0/2)" hits="0" missing-branches="267,271" number="266"/>
						<line branch="true" condition-coverage="0% (0/2)" hits="0" missing-branches="268,271" number="267"/>
						<line hits="0" number="268"/>
						<line branch="true" condition-coverage="0% (0/2)" hits="0" missing-branches="272,276" number="271"/>
						<line branch="true" condition-coverage="0% (0/2)" hits="0" missing-branches="273,276" number="272"/>
						<line hits="0" number="273"/>
						<line branch="true" condition-coverage="0% (0/2)" hits="0" missing-branches="277,281" number="276"/>
						<line branch="true" condition-coverage="0% (0/2)" hits="0" missing-branches="278,281" number="277"/>
						<line hits="0" number="278"/>
						<line branch="true" condition-coverage="0% (0/2)" hits="0" missing-branches="282,286" number="281"/>
						<line branch="true" condition-coverage="0% (0/2)" hits="0" missing-branches="283,286" number="282"/>
						<line hits="0" number="283"/>
						<line branch="true" condition-coverage="0% (0/2)" hits="0" missing-branches="287,291" number="286"/>
						<line branch="true" condition-coverage="0% (0/2)" hits="0" missing-branches="288,291" number="287"/>
						<line hits="0" number="288"/>
						<line branch="true" condition-coverage="0% (0/2)" hits="0" missing-branches="292,310" number="291"/>
						<line branch="true" condition-coverage="0% (0/2)" hits="0" missing-branches="293,304" number="292"/>
						<line branch="true" condition-coverage="0% (0/2)" hits="0" missing-branches="294,298" number="293"/>
						<line hits="0" number="294"/>
						<line hits="0" number="296"/>
						<line branch="true" condition-coverage="0% (0/2)" hits="0" missing-branches="299,310" number="298"/>
						<line hits="0" number="299"/>
						<line hits="0" number="301"/>
						<line branch="true" condition-coverage="0% (0/2)" hits="0" missing-branches="305,310" number="304"/>
						<line hits="0" number="305"/>
						<line hits="0" number="307"/>
						<line branch="true" condition-coverage="0% (0/2)" hits="0" missing-branches="311,314" number="310"/>
						<line hits="0" number="311"/>
						<line branch="true" condition-coverage="0% (0/2)" hits="0" missing-branches="315,330" number="314"/>
						<line branch="true" condition-coverage="0% (0/2)" hits="0" missing-branches="316,318" number="315"/>
						<line hits="0" number="316"/>
						<line hits="0" number="318"/>
						<line branch="true" condition-coverage="0% (0/2)" hits="0" missing-branches="320,322" number="319"/>
						<line hits="0" number="320"/>
						<line hits="0" number="322"/>
						<line branch="true" condition-coverage="0% (0/2)" hits="0" missing-branches="324,326" number="323"/>
						<line hits="0" number="324"/>
						<line hits="0" number="326"/>
						<line hits="0" number="327"/>
						<line hits="0" number="328"/>
						<line hits="0" number="330"/>
						<line hits="0" number="333"/>
						<line branch="true" condition-coverage="0% (0/2)" hits="0" missing-branches="336,340" number="335"/>
						<line branch="true" condition-coverage="0% (0/2)" hits="0" missing-branches="337,340" number="336"/>
						<line hits="0" number="337"/>
						<line hits="0" number="340"/>
						<line hits="0" number="343"/>
						<line hits="0" number="344"/>
						<line branch="true" condition-coverage="0% (0/2)" hits="0" missing-branches="347,351" number="346"/>
						<line branch="true" condition-coverage="0% (0/2)" hits="0" missing-branches="348,351" number="347"/>
						<line hits="0" number="348"/>
						<line branch="true" condition-coverage="0% (0/2)" hits="0" missing-branches="352,356" number="351"/>
						<line branch="true" condition-coverage="0% (0/2)" hits="0" missing-branches="353,356" number="352"/>
						<line hits="0" number="353"/>
						<line branch="true" condition-coverage="0% (0/2)" hits="0" missing-branches="357,361" number="356"/>
						<line branch="true" condition-coverage="0% (0/2)" hits="0" missing-branches="358,361" number="357"/>
						<line hits="0" number="358"/>
						<line branch="true" condition-coverage="0% (0/2)" hits="0" missing-branches="362,374" number="361"/>
						<line branch="true" condition-coverage="0% (0/2)" hits="0" missing-branches="363,370" number="362"/>
						<line branch="true" condition-coverage="0% (0/2)" hits="0" missing-branches="364,366" number="363"/>
						<line hits="0" number="364"/>
						<line branch="true" condition-coverage="0% (0/2)" hits="0" missing-branches="367,374" number="366"/>
						<line hits="0" number="367"/>
						<line branch="true" condition-coverage="0% (0/2)" hits="0" missing-branches="371,374" number="370"/>
						<line hits="0" number="371"/>
						<line branch="true" condition-coverage="0% (0/2)" hits="0" missing-branches="375,390" number="374"/>
						<line branch="true" condition-coverage="0% (0/2)" hits="0" missing-branches="376,378" number="375"/>
						<line hits="0" number="376"/>
						<line hits="0" number="378"/>
						<line branch="true" condition-coverage="0% (0/2)" hits="0" missing-branches="380,382" number="379"/>
						<line hits="0" number="380"/>
						<line hits="0" number="382"/>
						<line branch="true" condition-coverage="0% (0/2)" hits="0" missing-branches="384,386" number="383"/>
						<line hits="0" number="384"/>
						<line hits="0" number="386"/>
						<line hits="0" number="387"/>
						<line hits="0" number="388"/>
						<line branch="true" condition-coverage="0% (0/2)" hits="0" missing-branches="391,395" number="390"/>
						<line branch="true" condition-coverage="0% (0/2)" hits="0" missing-branches="392,395" number="391"/>
						<line hits="0" number="392"/>
						<line hits="0" number="395"/>
						<line hits="0" number="398"/>
						<line branch="true" condition-coverage="0% (0/2)" hits="0" missing-branches="401,410" number="400"/>
						<line branch="true" condition-coverage="0% (0/2)" hits="0" missing-branches="402,410" number="401"/>
						<line branch="true" condition-coverage="0% (0/2)" hits="0" missing-branches="403,405" number="402"/>
						<line hits="0" number="403"/>
						<line hits="0" number="405"/>
						<line hits="0" number="406"/>
						<line hits="0" number="410"/>
						<line hits="0" number="413"/>
						<line branch="true" condition-coverage="0% (0/2)" hits="0" missing-branches="416,419" number="415"/>
						<line branch="true" condition-coverage="0% (0/2)" hits="0" missing-branches="417,419" number="416"/>
						<line hits="0" number="417"/>
						<line hits="0" number="419"/>
						<line hits="0" number="422"/>
						<line hits="0" number="424"/>
						<line branch="true" condition-coverage="0% (0/2)" hits="0" missing-branches="427,432" number="426"/>
						<line hits="0" number="427"/>
						<line hits="0" number="428"/>
						<line hits="0" number="429"/>
						<line hits="0" number="432"/>
						<line branch="true" condition-coverage="0% (0/2)" hits="0" missing-branches="434,436" number="433"/>
						<line hits="0" number="434"/>
						<line hits="0" number="436"/>
						<line branch="true" condition-coverage="0% (0/2)" hits="0" missing-branches="438,439" number="437"/>
						<line hits="0" number="438"/>
						<line branch="true" condition-coverage="0% (0/2)" hits="0" missing-branches="440,441" number="439"/>
						<line hits="0" number="440"/>
						<line branch="true" condition-coverage="0% (0/2)" hits="0" missing-branches="442,443" number="441"/>
						<line hits="0" number="442"/>
						<line branch="true" condition-coverage="0% (0/2)" hits="0" missing-branches="444,445" number="443"/>
						<line hits="0" number="444"/>
						<line branch="true" condition-coverage="0% (0/2)" hits="0" missing-branches="446,447" number="445"/>
						<line hits="0" number="446"/>
						<line branch="true" condition-coverage="0% (0/2)" hits="0" missing-branches="448,449" number="447"/>
						<line hits="0" number="448"/>
						<line branch="true" condition-coverage="0% (0/2)" hits="0" missing-branches="450,453" number="449"/>
						<line hits="0" number="450"/>
						<line hits="0" number="453"/>
						<line hits="0" number="454"/>
						<line hits="0" number="455"/>
						<line hits="0" number="458"/>
						<line branch="true" condition-coverage="0% (0/2)" hits="0" missing-branches="460,471" number="459"/>
						<line hits="0" number="460"/>
						<line hits="0" number="461"/>
						<line branch="true" condition-coverage="0% (0/2)" hits="0" missing-branches="463,465" number="462"/>
						<line hits="0" number="463"/>
						<line hits="0" number="465"/>
						<line branch="true" condition-coverage="0% (0/2)" hits="0" missing-branches="467,468" number="466"/>
						<line hits="0" number="467"/>
						<line hits="0" number="468"/>
						<line branch="true" condition-coverage="0% (0/2)" hits="0" missing-branches="472,481" number="471"/>
						<line branch="true" condition-coverage="0% (0/2)" hits="0" missing-branches="473,475" number="472"/>
						<line hits="0" number="473"/>
						<line hits="0" number="475"/>
						<line hits="0" number="477"/>
						<line branch="true" condition-coverage="0% (0/2)" hits="0" missing-branches="482,484" number="481"/>
						<line hits="0" number="482"/>
						<line hits="0" number="484"/>
						<line hits="0" number="485"/>
						<line hits="0" number="489"/>
						<line hits="0" number="490"/>
						<line hits="0" number="491"/>
						<line hits="0" number="493"/>
						<line hits="0" number="494"/>
						<line hits="0" number="496"/>
						<line hits="0" number="499"/>
					</lines>
				</class>
			</classes>
		</package>
	</packages>
</coverage>
